<?xml version="1.0" encoding="utf-8" standalone="no"?>
<!--This file represents the results of running a test suite-->
<test-results name="C:\Documents and Settings\John\My Documents\TreeSurgeon\WeSay\build\Debug\UnitTests\WeSay.UnitTests.dll" total="1" failures="0" not-run="0" date="2006-05-23" time="08:18:52">
  <environment nunit-version="2.2.6.0" clr-version="1.1.4322.2032" os-version="Microsoft Windows NT 5.1.2600.0" platform="Win32NT" cwd="C:\Documents and Settings\John\My Documents\TreeSurgeon\WeSay\build\Debug\UnitTests" machine-name="HATTONHP" user="John" user-domain="HATTONHP" />
  <culture-info current-culture="en-US" current-uiculture="en-US" />
  <test-suite name="C:\Documents and Settings\John\My Documents\TreeSurgeon\WeSay\build\Debug\UnitTests\WeSay.UnitTests.dll" success="True" time="0.063" asserts="0">
	<results>
	  <test-suite name="C:\Documents and Settings\John\My Documents\TreeSurgeon\WeSay\build\Debug\UnitTests\WeSay.UnitTests.dll" success="True" time="0.063" asserts="0">
		<results>
		  <test-suite name="WeSay" success="True" time="0.063" asserts="0">
			<results>
			  <test-suite name="UnitTests" success="True" time="0.063" asserts="0">
				<results>
				  <test-suite name="Test1" success="True" time="0.047" asserts="0">
					<results>
					  <test-case name="WeSay.UnitTests.Test1.ThisIsAnExampleTest" executed="True" success="True" time="0.000" asserts="1" />
					</results>
				  </test-suite>
				</results>
			  </test-suite>
			</results>
		  </test-suite>
		</results>
	  </test-suite>
	</results>
  </test-suite>
</test-results>